Building DAG of jobs...
Using shell: /usr/bin/bash
Provided cores: 20
Rules claiming more threads will be scaled down.
Provided resources: mem_mb=30000
Job stats:
job                count
---------------  -------
all                    1
fastmultigather       50
gather                50
sketchs               50
total                151

Select jobs to execute...

[Fri Jun  7 16:55:05 2024]
rule sketchs:
    input: ../resources/fasta/Hugo.metaT_8.fasta
    output: ../results/signatures/Hugo.metaT_8.k21.zip
    jobid: 128
    reason: Missing output files: ../results/signatures/Hugo.metaT_8.k21.zip
    wildcards: ident=Hugo.metaT_8
    resources: tmpdir=/tmp

Activating conda environment: branchwater

[Fri Jun  7 16:55:07 2024]
rule sketchs:
    input: ../resources/fasta/Hugo.metaT_41.fasta
    output: ../results/signatures/Hugo.metaT_41.k21.zip
    jobid: 2
    reason: Missing output files: ../results/signatures/Hugo.metaT_41.k21.zip
    wildcards: ident=Hugo.metaT_41
    resources: tmpdir=/tmp

Activating conda environment: branchwater

[Fri Jun  7 16:55:07 2024]
rule sketchs:
    input: ../resources/fasta/Hugo.metaT_9.fasta
    output: ../results/signatures/Hugo.metaT_9.k21.zip
    jobid: 149
    reason: Missing output files: ../results/signatures/Hugo.metaT_9.k21.zip
    wildcards: ident=Hugo.metaT_9
    resources: tmpdir=/tmp

Activating conda environment: branchwater

[Fri Jun  7 16:55:07 2024]
rule sketchs:
    input: ../resources/fasta/Hugo.metaT_5.fasta
    output: ../results/signatures/Hugo.metaT_5.k21.zip
    jobid: 140
    reason: Missing output files: ../results/signatures/Hugo.metaT_5.k21.zip
    wildcards: ident=Hugo.metaT_5
    resources: tmpdir=/tmp

Activating conda environment: branchwater

[Fri Jun  7 16:55:07 2024]
rule sketchs:
    input: ../resources/fasta/Hugo.metaT_22.fasta
    output: ../results/signatures/Hugo.metaT_22.k21.zip
    jobid: 5
    reason: Missing output files: ../results/signatures/Hugo.metaT_22.k21.zip
    wildcards: ident=Hugo.metaT_22
    resources: tmpdir=/tmp

Activating conda environment: branchwater

[Fri Jun  7 16:55:07 2024]
rule sketchs:
    input: ../resources/fasta/Hugo.metaT_0.fasta
    output: ../results/signatures/Hugo.metaT_0.k21.zip
    jobid: 50
    reason: Missing output files: ../results/signatures/Hugo.metaT_0.k21.zip
    wildcards: ident=Hugo.metaT_0
    resources: tmpdir=/tmp

Activating conda environment: branchwater

[Fri Jun  7 16:55:07 2024]
rule sketchs:
    input: ../resources/fasta/Hugo.metaT_14.fasta
    output: ../results/signatures/Hugo.metaT_14.k21.zip
    jobid: 35
    reason: Missing output files: ../results/signatures/Hugo.metaT_14.k21.zip
    wildcards: ident=Hugo.metaT_14
    resources: tmpdir=/tmp

Activating conda environment: branchwater

[Fri Jun  7 16:55:07 2024]
rule sketchs:
    input: ../resources/fasta/Hugo.metaT_48.fasta
    output: ../results/signatures/Hugo.metaT_48.k21.zip
    jobid: 95
    reason: Missing output files: ../results/signatures/Hugo.metaT_48.k21.zip
    wildcards: ident=Hugo.metaT_48
    resources: tmpdir=/tmp

Activating conda environment: branchwater

[Fri Jun  7 16:55:07 2024]
rule sketchs:
    input: ../resources/fasta/Hugo.metaT_24.fasta
    output: ../results/signatures/Hugo.metaT_24.k21.zip
    jobid: 110
    reason: Missing output files: ../results/signatures/Hugo.metaT_24.k21.zip
    wildcards: ident=Hugo.metaT_24
    resources: tmpdir=/tmp

Activating conda environment: branchwater

[Fri Jun  7 16:55:07 2024]
rule sketchs:
    input: ../resources/fasta/Hugo.metaT_13.fasta
    output: ../results/signatures/Hugo.metaT_13.k21.zip
    jobid: 125
    reason: Missing output files: ../results/signatures/Hugo.metaT_13.k21.zip
    wildcards: ident=Hugo.metaT_13
    resources: tmpdir=/tmp


[Fri Jun  7 16:55:07 2024]
rule sketchs:
    input: ../resources/fasta/Hugo.metaT_45.fasta
    output: ../results/signatures/Hugo.metaT_45.k21.zip
    jobid: 80
    reason: Missing output files: ../results/signatures/Hugo.metaT_45.k21.zip
    wildcards: ident=Hugo.metaT_45
    resources: tmpdir=/tmp

Activating conda environment: branchwater

[Fri Jun  7 16:55:07 2024]
rule sketchs:
    input: ../resources/fasta/Hugo.metaT_37.fasta
    output: ../results/signatures/Hugo.metaT_37.k21.zip
    jobid: 65
    reason: Missing output files: ../results/signatures/Hugo.metaT_37.k21.zip
    wildcards: ident=Hugo.metaT_37
    resources: tmpdir=/tmp

Activating conda environment: branchwater

[Fri Jun  7 16:55:07 2024]
rule sketchs:
    input: ../resources/fasta/Hugo.metaT_39.fasta
    output: ../results/signatures/Hugo.metaT_39.k21.zip
    jobid: 29
    reason: Missing output files: ../results/signatures/Hugo.metaT_39.k21.zip
    wildcards: ident=Hugo.metaT_39
    resources: tmpdir=/tmp
Activating conda environment: branchwater


[Fri Jun  7 16:55:07 2024]
rule sketchs:
    input: ../resources/fasta/Hugo.metaT_43.fasta
    output: ../results/signatures/Hugo.metaT_43.k21.zip
    jobid: 44
    reason: Missing output files: ../results/signatures/Hugo.metaT_43.k21.zip
    wildcards: ident=Hugo.metaT_43
    resources: tmpdir=/tmp

Activating conda environment: branchwater
Activating conda environment: branchwater

[Fri Jun  7 16:55:07 2024]
rule sketchs:
    input: ../resources/fasta/Hugo.metaT_32.fasta
    output: ../results/signatures/Hugo.metaT_32.k21.zip
    jobid: 119
    reason: Missing output files: ../results/signatures/Hugo.metaT_32.k21.zip
    wildcards: ident=Hugo.metaT_32
    resources: tmpdir=/tmp


[Fri Jun  7 16:55:07 2024]
rule sketchs:
    input: ../resources/fasta/Hugo.metaT_46.fasta
    output: ../results/signatures/Hugo.metaT_46.k21.zip
    jobid: 134
    reason: Missing output files: ../results/signatures/Hugo.metaT_46.k21.zip
    wildcards: ident=Hugo.metaT_46
    resources: tmpdir=/tmp

Activating conda environment: branchwater
Activating conda environment: branchwater

[Fri Jun  7 16:55:07 2024]
rule sketchs:
    input: ../resources/fasta/Hugo.metaT_26.fasta
    output: ../results/signatures/Hugo.metaT_26.k21.zip
    jobid: 74
    reason: Missing output files: ../results/signatures/Hugo.metaT_26.k21.zip
    wildcards: ident=Hugo.metaT_26
    resources: tmpdir=/tmp

Activating conda environment: branchwater

[Fri Jun  7 16:55:07 2024]
rule sketchs:
    input: ../resources/fasta/Hugo.metaT_42.fasta
    output: ../results/signatures/Hugo.metaT_42.k21.zip
    jobid: 59
    reason: Missing output files: ../results/signatures/Hugo.metaT_42.k21.zip
    wildcards: ident=Hugo.metaT_42
    resources: tmpdir=/tmp

Activating conda environment: branchwater

[Fri Jun  7 16:55:07 2024]
rule sketchs:
    input: ../resources/fasta/Hugo.metaT_7.fasta
    output: ../results/signatures/Hugo.metaT_7.k21.zip
    jobid: 104
    reason: Missing output files: ../results/signatures/Hugo.metaT_7.k21.zip
    wildcards: ident=Hugo.metaT_7
    resources: tmpdir=/tmp


[Fri Jun  7 16:55:07 2024]
rule sketchs:
    input: ../resources/fasta/Hugo.metaT_6.fasta
    output: ../results/signatures/Hugo.metaT_6.k21.zip
    jobid: 89
    reason: Missing output files: ../results/signatures/Hugo.metaT_6.k21.zip
    wildcards: ident=Hugo.metaT_6
    resources: tmpdir=/tmp

Activating conda environment: branchwater
Activating conda environment: branchwater
[Fri Jun  7 17:34:56 2024]
Finished job 149.
1 of 151 steps (1%) done
Select jobs to execute...

[Fri Jun  7 17:34:56 2024]
rule sketchs:
    input: ../resources/fasta/Hugo.metaT_38.fasta
    output: ../results/signatures/Hugo.metaT_38.k21.zip
    jobid: 8
    reason: Missing output files: ../results/signatures/Hugo.metaT_38.k21.zip
    wildcards: ident=Hugo.metaT_38
    resources: tmpdir=/tmp

Activating conda environment: branchwater
[Fri Jun  7 17:34:56 2024]
Finished job 134.
2 of 151 steps (1%) done
Select jobs to execute...

[Fri Jun  7 17:34:56 2024]
rule sketchs:
    input: ../resources/fasta/Hugo.metaT_2.fasta
    output: ../results/signatures/Hugo.metaT_2.k21.zip
    jobid: 17
    reason: Missing output files: ../results/signatures/Hugo.metaT_2.k21.zip
    wildcards: ident=Hugo.metaT_2
    resources: tmpdir=/tmp

Activating conda environment: branchwater
[Fri Jun  7 17:35:03 2024]
Finished job 2.
3 of 151 steps (2%) done
Select jobs to execute...

[Fri Jun  7 17:35:03 2024]
rule sketchs:
    input: ../resources/fasta/Hugo.metaT_49.fasta
    output: ../results/signatures/Hugo.metaT_49.k21.zip
    jobid: 77
    reason: Missing output files: ../results/signatures/Hugo.metaT_49.k21.zip
    wildcards: ident=Hugo.metaT_49
    resources: tmpdir=/tmp

Activating conda environment: branchwater
[Fri Jun  7 17:35:23 2024]
Finished job 140.
4 of 151 steps (3%) done
Select jobs to execute...

[Fri Jun  7 17:35:23 2024]
rule sketchs:
    input: ../resources/fasta/Hugo.metaT_29.fasta
    output: ../results/signatures/Hugo.metaT_29.k21.zip
    jobid: 137
    reason: Missing output files: ../results/signatures/Hugo.metaT_29.k21.zip
    wildcards: ident=Hugo.metaT_29
    resources: tmpdir=/tmp

Activating conda environment: branchwater
[Fri Jun  7 17:35:28 2024]
Finished job 65.
5 of 151 steps (3%) done
Select jobs to execute...

[Fri Jun  7 17:35:28 2024]
rule sketchs:
    input: ../resources/fasta/Hugo.metaT_4.fasta
    output: ../results/signatures/Hugo.metaT_4.k21.zip
    jobid: 122
    reason: Missing output files: ../results/signatures/Hugo.metaT_4.k21.zip
    wildcards: ident=Hugo.metaT_4
    resources: tmpdir=/tmp

Activating conda environment: branchwater
[Fri Jun  7 17:35:44 2024]
Finished job 35.
6 of 151 steps (4%) done
Select jobs to execute...

[Fri Jun  7 17:35:44 2024]
rule sketchs:
    input: ../resources/fasta/Hugo.metaT_27.fasta
    output: ../results/signatures/Hugo.metaT_27.k21.zip
    jobid: 92
    reason: Missing output files: ../results/signatures/Hugo.metaT_27.k21.zip
    wildcards: ident=Hugo.metaT_27
    resources: tmpdir=/tmp

Activating conda environment: branchwater
[Fri Jun  7 17:35:46 2024]
Finished job 128.
7 of 151 steps (5%) done
Select jobs to execute...

[Fri Jun  7 17:35:46 2024]
rule sketchs:
    input: ../resources/fasta/Hugo.metaT_18.fasta
    output: ../results/signatures/Hugo.metaT_18.k21.zip
    jobid: 32
    reason: Missing output files: ../results/signatures/Hugo.metaT_18.k21.zip
    wildcards: ident=Hugo.metaT_18
    resources: tmpdir=/tmp

Activating conda environment: branchwater
[Fri Jun  7 17:35:54 2024]
Finished job 125.
8 of 151 steps (5%) done
Select jobs to execute...

[Fri Jun  7 17:35:54 2024]
rule sketchs:
    input: ../resources/fasta/Hugo.metaT_19.fasta
    output: ../results/signatures/Hugo.metaT_19.k21.zip
    jobid: 11
    reason: Missing output files: ../results/signatures/Hugo.metaT_19.k21.zip
    wildcards: ident=Hugo.metaT_19
    resources: tmpdir=/tmp

Activating conda environment: branchwater
[Fri Jun  7 17:35:59 2024]
Finished job 44.
9 of 151 steps (6%) done
Select jobs to execute...

[Fri Jun  7 17:35:59 2024]
rule sketchs:
    input: ../resources/fasta/Hugo.metaT_31.fasta
    output: ../results/signatures/Hugo.metaT_31.k21.zip
    jobid: 107
    reason: Missing output files: ../results/signatures/Hugo.metaT_31.k21.zip
    wildcards: ident=Hugo.metaT_31
    resources: tmpdir=/tmp

Activating conda environment: branchwater
[Fri Jun  7 17:36:11 2024]
Finished job 59.
10 of 151 steps (7%) done
Select jobs to execute...

[Fri Jun  7 17:36:11 2024]
rule sketchs:
    input: ../resources/fasta/Hugo.metaT_20.fasta
    output: ../results/signatures/Hugo.metaT_20.k21.zip
    jobid: 47
    reason: Missing output files: ../results/signatures/Hugo.metaT_20.k21.zip
    wildcards: ident=Hugo.metaT_20
    resources: tmpdir=/tmp

Activating conda environment: branchwater
[Fri Jun  7 17:36:20 2024]
Finished job 119.
11 of 151 steps (7%) done
Select jobs to execute...

[Fri Jun  7 17:36:20 2024]
rule sketchs:
    input: ../resources/fasta/Hugo.metaT_21.fasta
    output: ../results/signatures/Hugo.metaT_21.k21.zip
    jobid: 62
    reason: Missing output files: ../results/signatures/Hugo.metaT_21.k21.zip
    wildcards: ident=Hugo.metaT_21
    resources: tmpdir=/tmp

Activating conda environment: branchwater
[Fri Jun  7 17:36:51 2024]
Finished job 89.
12 of 151 steps (8%) done
Select jobs to execute...

[Fri Jun  7 17:36:51 2024]
rule sketchs:
    input: ../resources/fasta/Hugo.metaT_44.fasta
    output: ../results/signatures/Hugo.metaT_44.k21.zip
    jobid: 98
    reason: Missing output files: ../results/signatures/Hugo.metaT_44.k21.zip
    wildcards: ident=Hugo.metaT_44
    resources: tmpdir=/tmp

Activating conda environment: branchwater
[Fri Jun  7 17:36:54 2024]
Finished job 5.
13 of 151 steps (9%) done
Select jobs to execute...

[Fri Jun  7 17:36:54 2024]
rule sketchs:
    input: ../resources/fasta/Hugo.metaT_23.fasta
    output: ../results/signatures/Hugo.metaT_23.k21.zip
    jobid: 26
    reason: Missing output files: ../results/signatures/Hugo.metaT_23.k21.zip
    wildcards: ident=Hugo.metaT_23
    resources: tmpdir=/tmp

Activating conda environment: branchwater
[Fri Jun  7 17:36:55 2024]
Finished job 95.
14 of 151 steps (9%) done
Select jobs to execute...

[Fri Jun  7 17:36:55 2024]
rule sketchs:
    input: ../resources/fasta/Hugo.metaT_35.fasta
    output: ../results/signatures/Hugo.metaT_35.k21.zip
    jobid: 38
    reason: Missing output files: ../results/signatures/Hugo.metaT_35.k21.zip
    wildcards: ident=Hugo.metaT_35
    resources: tmpdir=/tmp

Activating conda environment: branchwater
[Fri Jun  7 17:36:57 2024]
Finished job 110.
15 of 151 steps (10%) done
Select jobs to execute...

[Fri Jun  7 17:36:57 2024]
rule sketchs:
    input: ../resources/fasta/Hugo.metaT_33.fasta
    output: ../results/signatures/Hugo.metaT_33.k21.zip
    jobid: 143
    reason: Missing output files: ../results/signatures/Hugo.metaT_33.k21.zip
    wildcards: ident=Hugo.metaT_33
    resources: tmpdir=/tmp

Activating conda environment: branchwater
[Fri Jun  7 17:37:00 2024]
Finished job 104.
16 of 151 steps (11%) done
Select jobs to execute...

[Fri Jun  7 17:37:01 2024]
rule sketchs:
    input: ../resources/fasta/Hugo.metaT_40.fasta
    output: ../results/signatures/Hugo.metaT_40.k21.zip
    jobid: 23
    reason: Missing output files: ../results/signatures/Hugo.metaT_40.k21.zip
    wildcards: ident=Hugo.metaT_40
    resources: tmpdir=/tmp

Activating conda environment: branchwater
[Fri Jun  7 17:37:16 2024]
Finished job 74.
17 of 151 steps (11%) done
Select jobs to execute...

[Fri Jun  7 17:37:16 2024]
rule sketchs:
    input: ../resources/fasta/Hugo.metaT_11.fasta
    output: ../results/signatures/Hugo.metaT_11.k21.zip
    jobid: 83
    reason: Missing output files: ../results/signatures/Hugo.metaT_11.k21.zip
    wildcards: ident=Hugo.metaT_11
    resources: tmpdir=/tmp

Activating conda environment: branchwater
[Fri Jun  7 17:37:21 2024]
Finished job 29.
18 of 151 steps (12%) done
Select jobs to execute...

[Fri Jun  7 17:37:21 2024]
rule sketchs:
    input: ../resources/fasta/Hugo.metaT_36.fasta
    output: ../results/signatures/Hugo.metaT_36.k21.zip
    jobid: 53
    reason: Missing output files: ../results/signatures/Hugo.metaT_36.k21.zip
    wildcards: ident=Hugo.metaT_36
    resources: tmpdir=/tmp

Activating conda environment: branchwater
[Fri Jun  7 17:37:23 2024]
Finished job 80.
19 of 151 steps (13%) done
Select jobs to execute...

[Fri Jun  7 17:37:23 2024]
rule sketchs:
    input: ../resources/fasta/Hugo.metaT_47.fasta
    output: ../results/signatures/Hugo.metaT_47.k21.zip
    jobid: 113
    reason: Missing output files: ../results/signatures/Hugo.metaT_47.k21.zip
    wildcards: ident=Hugo.metaT_47
    resources: tmpdir=/tmp

Activating conda environment: branchwater
[Fri Jun  7 17:39:54 2024]
Finished job 50.
20 of 151 steps (13%) done
Select jobs to execute...

[Fri Jun  7 17:39:54 2024]
rule sketchs:
    input: ../resources/fasta/Hugo.metaT_16.fasta
    output: ../results/signatures/Hugo.metaT_16.k21.zip
    jobid: 71
    reason: Missing output files: ../results/signatures/Hugo.metaT_16.k21.zip
    wildcards: ident=Hugo.metaT_16
    resources: tmpdir=/tmp

Activating conda environment: branchwater
[Fri Jun  7 18:14:22 2024]
Finished job 8.
21 of 151 steps (14%) done
Select jobs to execute...

[Fri Jun  7 18:14:22 2024]
rule sketchs:
    input: ../resources/fasta/Hugo.metaT_25.fasta
    output: ../results/signatures/Hugo.metaT_25.k21.zip
    jobid: 131
    reason: Missing output files: ../results/signatures/Hugo.metaT_25.k21.zip
    wildcards: ident=Hugo.metaT_25
    resources: tmpdir=/tmp

Activating conda environment: branchwater
[Fri Jun  7 18:14:45 2024]
Finished job 122.
22 of 151 steps (15%) done
Select jobs to execute...

[Fri Jun  7 18:14:45 2024]
rule sketchs:
    input: ../resources/fasta/Hugo.metaT_17.fasta
    output: ../results/signatures/Hugo.metaT_17.k21.zip
    jobid: 56
    reason: Missing output files: ../results/signatures/Hugo.metaT_17.k21.zip
    wildcards: ident=Hugo.metaT_17
    resources: tmpdir=/tmp

Activating conda environment: branchwater
[Fri Jun  7 18:14:49 2024]
Finished job 17.
23 of 151 steps (15%) done
Select jobs to execute...

[Fri Jun  7 18:14:49 2024]
rule sketchs:
    input: ../resources/fasta/Hugo.metaT_28.fasta
    output: ../results/signatures/Hugo.metaT_28.k21.zip
    jobid: 116
    reason: Missing output files: ../results/signatures/Hugo.metaT_28.k21.zip
    wildcards: ident=Hugo.metaT_28
    resources: tmpdir=/tmp

Activating conda environment: branchwater
[Fri Jun  7 18:14:58 2024]
Finished job 77.
24 of 151 steps (16%) done
Select jobs to execute...

[Fri Jun  7 18:14:58 2024]
rule sketchs:
    input: ../resources/fasta/Hugo.metaT_15.fasta
    output: ../results/signatures/Hugo.metaT_15.k21.zip
    jobid: 14
    reason: Missing output files: ../results/signatures/Hugo.metaT_15.k21.zip
    wildcards: ident=Hugo.metaT_15
    resources: tmpdir=/tmp

Activating conda environment: branchwater
[Fri Jun  7 18:15:03 2024]
Finished job 92.
25 of 151 steps (17%) done
Select jobs to execute...

[Fri Jun  7 18:15:04 2024]
rule sketchs:
    input: ../resources/fasta/Hugo.metaT_3.fasta
    output: ../results/signatures/Hugo.metaT_3.k21.zip
    jobid: 41
    reason: Missing output files: ../results/signatures/Hugo.metaT_3.k21.zip
    wildcards: ident=Hugo.metaT_3
    resources: tmpdir=/tmp

Activating conda environment: branchwater
[Fri Jun  7 18:15:56 2024]
Finished job 11.
26 of 151 steps (17%) done
Select jobs to execute...

[Fri Jun  7 18:15:56 2024]
rule sketchs:
    input: ../resources/fasta/Hugo.metaT_10.fasta
    output: ../results/signatures/Hugo.metaT_10.k21.zip
    jobid: 101
    reason: Missing output files: ../results/signatures/Hugo.metaT_10.k21.zip
    wildcards: ident=Hugo.metaT_10
    resources: tmpdir=/tmp

Activating conda environment: branchwater
[Fri Jun  7 18:16:01 2024]
Finished job 107.
27 of 151 steps (18%) done
Select jobs to execute...

[Fri Jun  7 18:16:01 2024]
rule sketchs:
    input: ../resources/fasta/Hugo.metaT_30.fasta
    output: ../results/signatures/Hugo.metaT_30.k21.zip
    jobid: 86
    reason: Missing output files: ../results/signatures/Hugo.metaT_30.k21.zip
    wildcards: ident=Hugo.metaT_30
    resources: tmpdir=/tmp

Activating conda environment: branchwater
[Fri Jun  7 18:16:12 2024]
Finished job 47.
28 of 151 steps (19%) done
Select jobs to execute...

[Fri Jun  7 18:16:12 2024]
rule sketchs:
    input: ../resources/fasta/Hugo.metaT_12.fasta
    output: ../results/signatures/Hugo.metaT_12.k21.zip
    jobid: 146
    reason: Missing output files: ../results/signatures/Hugo.metaT_12.k21.zip
    wildcards: ident=Hugo.metaT_12
    resources: tmpdir=/tmp

Activating conda environment: branchwater
[Fri Jun  7 18:16:31 2024]
Finished job 83.
29 of 151 steps (19%) done
Select jobs to execute...

[Fri Jun  7 18:16:32 2024]
rule sketchs:
    input: ../resources/fasta/Hugo.metaT_1.fasta
    output: ../results/signatures/Hugo.metaT_1.k21.zip
    jobid: 68
    reason: Missing output files: ../results/signatures/Hugo.metaT_1.k21.zip
    wildcards: ident=Hugo.metaT_1
    resources: tmpdir=/tmp

Activating conda environment: branchwater
[Fri Jun  7 18:16:39 2024]
Finished job 26.
30 of 151 steps (20%) done
Select jobs to execute...

[Fri Jun  7 18:16:39 2024]
rule sketchs:
    input: ../resources/fasta/Hugo.metaT_34.fasta
    output: ../results/signatures/Hugo.metaT_34.k21.zip
    jobid: 20
    reason: Missing output files: ../results/signatures/Hugo.metaT_34.k21.zip
    wildcards: ident=Hugo.metaT_34
    resources: tmpdir=/tmp

Activating conda environment: branchwater
[Fri Jun  7 18:16:42 2024]
Finished job 137.
31 of 151 steps (21%) done
Select jobs to execute...
[Fri Jun  7 18:17:00 2024]
Finished job 23.
32 of 151 steps (21%) done
[Fri Jun  7 18:17:18 2024]
Finished job 32.
33 of 151 steps (22%) done
[Fri Jun  7 18:17:24 2024]
Finished job 38.
34 of 151 steps (23%) done
[Fri Jun  7 18:17:42 2024]
Finished job 98.
35 of 151 steps (23%) done
[Fri Jun  7 18:17:50 2024]
Finished job 62.
36 of 151 steps (24%) done
[Fri Jun  7 18:17:58 2024]
Finished job 53.
37 of 151 steps (25%) done
[Fri Jun  7 18:18:31 2024]
Finished job 143.
38 of 151 steps (25%) done
[Fri Jun  7 18:18:57 2024]
Finished job 113.
39 of 151 steps (26%) done
[Fri Jun  7 18:18:58 2024]
Finished job 71.
40 of 151 steps (26%) done

[Fri Jun  7 18:18:58 2024]
rule fastmultigather:
    input: ../results/signatures/Hugo.metaT_18.k21.zip
    output: ../results/fmgdone/Hugo.metaT_18.txt
    jobid: 33
    reason: Missing output files: ../results/fmgdone/Hugo.metaT_18.txt; Input files updated by another job: ../results/signatures/Hugo.metaT_18.k21.zip
    wildcards: ident=Hugo.metaT_18
    threads: 10
    resources: tmpdir=/tmp

Activating conda environment: branchwater
[Fri Jun  7 18:40:17 2024]
Finished job 33.
41 of 151 steps (27%) done
Select jobs to execute...

[Fri Jun  7 18:40:17 2024]
rule fastmultigather:
    input: ../results/signatures/Hugo.metaT_29.k21.zip
    output: ../results/fmgdone/Hugo.metaT_29.txt
    jobid: 138
    reason: Missing output files: ../results/fmgdone/Hugo.metaT_29.txt; Input files updated by another job: ../results/signatures/Hugo.metaT_29.k21.zip
    wildcards: ident=Hugo.metaT_29
    threads: 10
    resources: tmpdir=/tmp

Activating conda environment: branchwater
[Fri Jun  7 18:45:42 2024]
Finished job 14.
42 of 151 steps (28%) done
Select jobs to execute...

[Fri Jun  7 18:45:42 2024]
rule gather:
    input: ../results/signatures/Hugo.metaT_18.k21.zip, ../results/fmgdone/Hugo.metaT_18.txt
    output: sourmash/gather_out/Hugo.metaT_18.csv
    jobid: 31
    reason: Missing output files: sourmash/gather_out/Hugo.metaT_18.csv; Input files updated by another job: ../results/signatures/Hugo.metaT_18.k21.zip, ../results/fmgdone/Hugo.metaT_18.txt
    wildcards: ident=Hugo.metaT_18
    resources: tmpdir=/tmp

Activating conda environment: branchwater
[Fri Jun  7 18:45:51 2024]
Error in rule gather:
    jobid: 31
    input: ../results/signatures/Hugo.metaT_18.k21.zip, ../results/fmgdone/Hugo.metaT_18.txt
    output: sourmash/gather_out/Hugo.metaT_18.csv
    conda-env: branchwater
    shell:
        
        sourmash gather ../results/signatures/Hugo.metaT_18.k21.zip /group/ctbrowngrp/sourmash-db/gtdb-rs214/gtdb-rs214-reps.k21.zip         -k 21 --scaled 1000 -o sourmash/gather_out/Hugo.metaT_18.csv         --picklist Hugo.metaT_18.gather.csv:match_md5:md5
        
        (one of the commands exited with non-zero exit code; note that snakemake uses bash strict mode!)

Select jobs to execute...
[Fri Jun  7 18:46:49 2024]
Finished job 41.
43 of 151 steps (28%) done
[Fri Jun  7 18:47:04 2024]
Finished job 101.
44 of 151 steps (29%) done
[Fri Jun  7 18:48:12 2024]
Finished job 131.
45 of 151 steps (30%) done
[Fri Jun  7 18:48:21 2024]
Finished job 116.
46 of 151 steps (30%) done
[Fri Jun  7 18:48:38 2024]
Finished job 56.
47 of 151 steps (31%) done
[Fri Jun  7 18:49:45 2024]
Finished job 68.
48 of 151 steps (32%) done
[Fri Jun  7 18:49:49 2024]
Finished job 86.
49 of 151 steps (32%) done
[Fri Jun  7 18:51:02 2024]
Finished job 146.
50 of 151 steps (33%) done
[Fri Jun  7 18:53:03 2024]
Finished job 20.
51 of 151 steps (34%) done

[Fri Jun  7 18:53:03 2024]
rule fastmultigather:
    input: ../results/signatures/Hugo.metaT_9.k21.zip
    output: ../results/fmgdone/Hugo.metaT_9.txt
    jobid: 150
    reason: Missing output files: ../results/fmgdone/Hugo.metaT_9.txt; Input files updated by another job: ../results/signatures/Hugo.metaT_9.k21.zip
    wildcards: ident=Hugo.metaT_9
    threads: 10
    resources: tmpdir=/tmp

Activating conda environment: branchwater
[Fri Jun  7 18:57:36 2024]
Finished job 138.
52 of 151 steps (34%) done
Select jobs to execute...

[Fri Jun  7 18:57:36 2024]
rule fastmultigather:
    input: ../results/signatures/Hugo.metaT_6.k21.zip
    output: ../results/fmgdone/Hugo.metaT_6.txt
    jobid: 90
    reason: Missing output files: ../results/fmgdone/Hugo.metaT_6.txt; Input files updated by another job: ../results/signatures/Hugo.metaT_6.k21.zip
    wildcards: ident=Hugo.metaT_6
    threads: 10
    resources: tmpdir=/tmp

Activating conda environment: branchwater
[Fri Jun  7 19:15:26 2024]
Finished job 150.
53 of 151 steps (35%) done
Select jobs to execute...

[Fri Jun  7 19:15:26 2024]
rule fastmultigather:
    input: ../results/signatures/Hugo.metaT_7.k21.zip
    output: ../results/fmgdone/Hugo.metaT_7.txt
    jobid: 105
    reason: Missing output files: ../results/fmgdone/Hugo.metaT_7.txt; Input files updated by another job: ../results/signatures/Hugo.metaT_7.k21.zip
    wildcards: ident=Hugo.metaT_7
    threads: 10
    resources: tmpdir=/tmp

Activating conda environment: branchwater
[Fri Jun  7 19:18:04 2024]
Finished job 90.
54 of 151 steps (36%) done
Select jobs to execute...

[Fri Jun  7 19:18:04 2024]
rule fastmultigather:
    input: ../results/signatures/Hugo.metaT_26.k21.zip
    output: ../results/fmgdone/Hugo.metaT_26.txt
    jobid: 75
    reason: Missing output files: ../results/fmgdone/Hugo.metaT_26.txt; Input files updated by another job: ../results/signatures/Hugo.metaT_26.k21.zip
    wildcards: ident=Hugo.metaT_26
    threads: 10
    resources: tmpdir=/tmp

Activating conda environment: branchwater
[Fri Jun  7 19:38:07 2024]
Finished job 105.
55 of 151 steps (36%) done
Select jobs to execute...

[Fri Jun  7 19:38:07 2024]
rule fastmultigather:
    input: ../results/signatures/Hugo.metaT_39.k21.zip
    output: ../results/fmgdone/Hugo.metaT_39.txt
    jobid: 30
    reason: Missing output files: ../results/fmgdone/Hugo.metaT_39.txt; Input files updated by another job: ../results/signatures/Hugo.metaT_39.k21.zip
    wildcards: ident=Hugo.metaT_39
    threads: 10
    resources: tmpdir=/tmp

Activating conda environment: branchwater
[Fri Jun  7 19:39:09 2024]
Finished job 75.
56 of 151 steps (37%) done
Select jobs to execute...

[Fri Jun  7 19:39:09 2024]
rule fastmultigather:
    input: ../results/signatures/Hugo.metaT_15.k21.zip
    output: ../results/fmgdone/Hugo.metaT_15.txt
    jobid: 15
    reason: Missing output files: ../results/fmgdone/Hugo.metaT_15.txt; Input files updated by another job: ../results/signatures/Hugo.metaT_15.k21.zip
    wildcards: ident=Hugo.metaT_15
    threads: 10
    resources: tmpdir=/tmp

Activating conda environment: branchwater
[Fri Jun  7 20:01:08 2024]
Finished job 15.
57 of 151 steps (38%) done
Select jobs to execute...

[Fri Jun  7 20:01:08 2024]
rule fastmultigather:
    input: ../results/signatures/Hugo.metaT_32.k21.zip
    output: ../results/fmgdone/Hugo.metaT_32.txt
    jobid: 120
    reason: Missing output files: ../results/fmgdone/Hugo.metaT_32.txt; Input files updated by another job: ../results/signatures/Hugo.metaT_32.k21.zip
    wildcards: ident=Hugo.metaT_32
    threads: 10
    resources: tmpdir=/tmp

Activating conda environment: branchwater
[Fri Jun  7 20:01:57 2024]
Finished job 30.
58 of 151 steps (38%) done
Select jobs to execute...

[Fri Jun  7 20:01:57 2024]
rule fastmultigather:
    input: ../results/signatures/Hugo.metaT_17.k21.zip
    output: ../results/fmgdone/Hugo.metaT_17.txt
    jobid: 57
    reason: Missing output files: ../results/fmgdone/Hugo.metaT_17.txt; Input files updated by another job: ../results/signatures/Hugo.metaT_17.k21.zip
    wildcards: ident=Hugo.metaT_17
    threads: 10
    resources: tmpdir=/tmp

Activating conda environment: branchwater
[Fri Jun  7 20:23:19 2024]
Finished job 57.
59 of 151 steps (39%) done
Select jobs to execute...

[Fri Jun  7 20:23:20 2024]
rule fastmultigather:
    input: ../results/signatures/Hugo.metaT_46.k21.zip
    output: ../results/fmgdone/Hugo.metaT_46.txt
    jobid: 135
    reason: Missing output files: ../results/fmgdone/Hugo.metaT_46.txt; Input files updated by another job: ../results/signatures/Hugo.metaT_46.k21.zip
    wildcards: ident=Hugo.metaT_46
    threads: 10
    resources: tmpdir=/tmp

Activating conda environment: branchwater
[Fri Jun  7 20:23:55 2024]
Finished job 120.
60 of 151 steps (40%) done
Select jobs to execute...

[Fri Jun  7 20:23:55 2024]
rule fastmultigather:
    input: ../results/signatures/Hugo.metaT_8.k21.zip
    output: ../results/fmgdone/Hugo.metaT_8.txt
    jobid: 129
    reason: Missing output files: ../results/fmgdone/Hugo.metaT_8.txt; Input files updated by another job: ../results/signatures/Hugo.metaT_8.k21.zip
    wildcards: ident=Hugo.metaT_8
    threads: 10
    resources: tmpdir=/tmp

Activating conda environment: branchwater
[Fri Jun  7 20:45:30 2024]
Finished job 129.
61 of 151 steps (40%) done
Select jobs to execute...

[Fri Jun  7 20:45:30 2024]
rule fastmultigather:
    input: ../results/signatures/Hugo.metaT_28.k21.zip
    output: ../results/fmgdone/Hugo.metaT_28.txt
    jobid: 117
    reason: Missing output files: ../results/fmgdone/Hugo.metaT_28.txt; Input files updated by another job: ../results/signatures/Hugo.metaT_28.k21.zip
    wildcards: ident=Hugo.metaT_28
    threads: 10
    resources: tmpdir=/tmp

Activating conda environment: branchwater
[Fri Jun  7 20:45:58 2024]
Finished job 135.
62 of 151 steps (41%) done
Select jobs to execute...

[Fri Jun  7 20:45:58 2024]
rule fastmultigather:
    input: ../results/signatures/Hugo.metaT_30.k21.zip
    output: ../results/fmgdone/Hugo.metaT_30.txt
    jobid: 87
    reason: Missing output files: ../results/fmgdone/Hugo.metaT_30.txt; Input files updated by another job: ../results/signatures/Hugo.metaT_30.k21.zip
    wildcards: ident=Hugo.metaT_30
    threads: 10
    resources: tmpdir=/tmp

Activating conda environment: branchwater
[Fri Jun  7 21:07:20 2024]
Finished job 87.
63 of 151 steps (42%) done
Select jobs to execute...

[Fri Jun  7 21:07:20 2024]
rule fastmultigather:
    input: ../results/signatures/Hugo.metaT_25.k21.zip
    output: ../results/fmgdone/Hugo.metaT_25.txt
    jobid: 132
    reason: Missing output files: ../results/fmgdone/Hugo.metaT_25.txt; Input files updated by another job: ../results/signatures/Hugo.metaT_25.k21.zip
    wildcards: ident=Hugo.metaT_25
    threads: 10
    resources: tmpdir=/tmp

Activating conda environment: branchwater
[Fri Jun  7 21:08:14 2024]
Finished job 117.
64 of 151 steps (42%) done
Select jobs to execute...

[Fri Jun  7 21:08:14 2024]
rule fastmultigather:
    input: ../results/signatures/Hugo.metaT_10.k21.zip
    output: ../results/fmgdone/Hugo.metaT_10.txt
    jobid: 102
    reason: Missing output files: ../results/fmgdone/Hugo.metaT_10.txt; Input files updated by another job: ../results/signatures/Hugo.metaT_10.k21.zip
    wildcards: ident=Hugo.metaT_10
    threads: 10
    resources: tmpdir=/tmp

Activating conda environment: branchwater
[Fri Jun  7 21:29:58 2024]
Finished job 102.
65 of 151 steps (43%) done
Select jobs to execute...

[Fri Jun  7 21:29:58 2024]
rule fastmultigather:
    input: ../results/signatures/Hugo.metaT_23.k21.zip
    output: ../results/fmgdone/Hugo.metaT_23.txt
    jobid: 27
    reason: Missing output files: ../results/fmgdone/Hugo.metaT_23.txt; Input files updated by another job: ../results/signatures/Hugo.metaT_23.k21.zip
    wildcards: ident=Hugo.metaT_23
    threads: 10
    resources: tmpdir=/tmp

Activating conda environment: branchwater
[Fri Jun  7 21:30:19 2024]
Finished job 132.
66 of 151 steps (44%) done
Select jobs to execute...

[Fri Jun  7 21:30:19 2024]
rule fastmultigather:
    input: ../results/signatures/Hugo.metaT_3.k21.zip
    output: ../results/fmgdone/Hugo.metaT_3.txt
    jobid: 42
    reason: Missing output files: ../results/fmgdone/Hugo.metaT_3.txt; Input files updated by another job: ../results/signatures/Hugo.metaT_3.k21.zip
    wildcards: ident=Hugo.metaT_3
    threads: 10
    resources: tmpdir=/tmp

Activating conda environment: branchwater
[Fri Jun  7 21:51:52 2024]
Finished job 42.
67 of 151 steps (44%) done
Select jobs to execute...

[Fri Jun  7 21:51:52 2024]
rule gather:
    input: ../results/signatures/Hugo.metaT_8.k21.zip, ../results/fmgdone/Hugo.metaT_8.txt
    output: sourmash/gather_out/Hugo.metaT_8.csv
    jobid: 127
    reason: Missing output files: sourmash/gather_out/Hugo.metaT_8.csv; Input files updated by another job: ../results/signatures/Hugo.metaT_8.k21.zip, ../results/fmgdone/Hugo.metaT_8.txt
    wildcards: ident=Hugo.metaT_8
    resources: tmpdir=/tmp

Activating conda environment: branchwater

[Fri Jun  7 21:51:52 2024]
rule gather:
    input: ../results/signatures/Hugo.metaT_15.k21.zip, ../results/fmgdone/Hugo.metaT_15.txt
    output: sourmash/gather_out/Hugo.metaT_15.csv
    jobid: 13
    reason: Missing output files: sourmash/gather_out/Hugo.metaT_15.csv; Input files updated by another job: ../results/signatures/Hugo.metaT_15.k21.zip, ../results/fmgdone/Hugo.metaT_15.txt
    wildcards: ident=Hugo.metaT_15
    resources: tmpdir=/tmp

Activating conda environment: branchwater

[Fri Jun  7 21:51:52 2024]
rule gather:
    input: ../results/signatures/Hugo.metaT_26.k21.zip, ../results/fmgdone/Hugo.metaT_26.txt
    output: sourmash/gather_out/Hugo.metaT_26.csv
    jobid: 73
    reason: Missing output files: sourmash/gather_out/Hugo.metaT_26.csv; Input files updated by another job: ../results/fmgdone/Hugo.metaT_26.txt, ../results/signatures/Hugo.metaT_26.k21.zip
    wildcards: ident=Hugo.metaT_26
    resources: tmpdir=/tmp

Activating conda environment: branchwater

[Fri Jun  7 21:51:52 2024]
rule gather:
    input: ../results/signatures/Hugo.metaT_7.k21.zip, ../results/fmgdone/Hugo.metaT_7.txt
    output: sourmash/gather_out/Hugo.metaT_7.csv
    jobid: 103
    reason: Missing output files: sourmash/gather_out/Hugo.metaT_7.csv; Input files updated by another job: ../results/signatures/Hugo.metaT_7.k21.zip, ../results/fmgdone/Hugo.metaT_7.txt
    wildcards: ident=Hugo.metaT_7
    resources: tmpdir=/tmp

Activating conda environment: branchwater

[Fri Jun  7 21:51:52 2024]
rule gather:
    input: ../results/signatures/Hugo.metaT_9.k21.zip, ../results/fmgdone/Hugo.metaT_9.txt
    output: sourmash/gather_out/Hugo.metaT_9.csv
    jobid: 148
    reason: Missing output files: sourmash/gather_out/Hugo.metaT_9.csv; Input files updated by another job: ../results/signatures/Hugo.metaT_9.k21.zip, ../results/fmgdone/Hugo.metaT_9.txt
    wildcards: ident=Hugo.metaT_9
    resources: tmpdir=/tmp

Activating conda environment: branchwater

[Fri Jun  7 21:51:52 2024]
rule gather:
    input: ../results/signatures/Hugo.metaT_6.k21.zip, ../results/fmgdone/Hugo.metaT_6.txt
    output: sourmash/gather_out/Hugo.metaT_6.csv
    jobid: 88
    reason: Missing output files: sourmash/gather_out/Hugo.metaT_6.csv; Input files updated by another job: ../results/fmgdone/Hugo.metaT_6.txt, ../results/signatures/Hugo.metaT_6.k21.zip
    wildcards: ident=Hugo.metaT_6
    resources: tmpdir=/tmp

Activating conda environment: branchwater

[Fri Jun  7 21:51:52 2024]
rule gather:
    input: ../results/signatures/Hugo.metaT_39.k21.zip, ../results/fmgdone/Hugo.metaT_39.txt
    output: sourmash/gather_out/Hugo.metaT_39.csv
    jobid: 28
    reason: Missing output files: sourmash/gather_out/Hugo.metaT_39.csv; Input files updated by another job: ../results/fmgdone/Hugo.metaT_39.txt, ../results/signatures/Hugo.metaT_39.k21.zip
    wildcards: ident=Hugo.metaT_39
    resources: tmpdir=/tmp

Activating conda environment: branchwater

[Fri Jun  7 21:51:52 2024]
rule gather:
    input: ../results/signatures/Hugo.metaT_32.k21.zip, ../results/fmgdone/Hugo.metaT_32.txt
    output: sourmash/gather_out/Hugo.metaT_32.csv
    jobid: 118
    reason: Missing output files: sourmash/gather_out/Hugo.metaT_32.csv; Input files updated by another job: ../results/fmgdone/Hugo.metaT_32.txt, ../results/signatures/Hugo.metaT_32.k21.zip
    wildcards: ident=Hugo.metaT_32
    resources: tmpdir=/tmp

Activating conda environment: branchwater

[Fri Jun  7 21:51:53 2024]
rule gather:
    input: ../results/signatures/Hugo.metaT_46.k21.zip, ../results/fmgdone/Hugo.metaT_46.txt
    output: sourmash/gather_out/Hugo.metaT_46.csv
    jobid: 133
    reason: Missing output files: sourmash/gather_out/Hugo.metaT_46.csv; Input files updated by another job: ../results/signatures/Hugo.metaT_46.k21.zip, ../results/fmgdone/Hugo.metaT_46.txt
    wildcards: ident=Hugo.metaT_46
    resources: tmpdir=/tmp

Activating conda environment: branchwater

[Fri Jun  7 21:51:53 2024]
rule gather:
    input: ../results/signatures/Hugo.metaT_29.k21.zip, ../results/fmgdone/Hugo.metaT_29.txt
    output: sourmash/gather_out/Hugo.metaT_29.csv
    jobid: 136
    reason: Missing output files: sourmash/gather_out/Hugo.metaT_29.csv; Input files updated by another job: ../results/signatures/Hugo.metaT_29.k21.zip, ../results/fmgdone/Hugo.metaT_29.txt
    wildcards: ident=Hugo.metaT_29
    resources: tmpdir=/tmp

Activating conda environment: branchwater
[Fri Jun  7 21:52:04 2024]
Error in rule gather:
    jobid: 13
    input: ../results/signatures/Hugo.metaT_15.k21.zip, ../results/fmgdone/Hugo.metaT_15.txt
    output: sourmash/gather_out/Hugo.metaT_15.csv
    conda-env: branchwater
    shell:
        
        sourmash gather ../results/signatures/Hugo.metaT_15.k21.zip /group/ctbrowngrp/sourmash-db/gtdb-rs214/gtdb-rs214-reps.k21.zip         -k 21 --scaled 1000 -o sourmash/gather_out/Hugo.metaT_15.csv         --picklist Hugo.metaT_15.gather.csv:match_md5:md5
        
        (one of the commands exited with non-zero exit code; note that snakemake uses bash strict mode!)

Select jobs to execute...
[Fri Jun  7 21:52:04 2024]
Error in rule gather:
    jobid: 127
    input: ../results/signatures/Hugo.metaT_8.k21.zip, ../results/fmgdone/Hugo.metaT_8.txt
    output: sourmash/gather_out/Hugo.metaT_8.csv
    conda-env: branchwater
    shell:
        
        sourmash gather ../results/signatures/Hugo.metaT_8.k21.zip /group/ctbrowngrp/sourmash-db/gtdb-rs214/gtdb-rs214-reps.k21.zip         -k 21 --scaled 1000 -o sourmash/gather_out/Hugo.metaT_8.csv         --picklist Hugo.metaT_8.gather.csv:match_md5:md5
        
        (one of the commands exited with non-zero exit code; note that snakemake uses bash strict mode!)

[Fri Jun  7 21:52:04 2024]
Error in rule gather:
    jobid: 103
    input: ../results/signatures/Hugo.metaT_7.k21.zip, ../results/fmgdone/Hugo.metaT_7.txt
    output: sourmash/gather_out/Hugo.metaT_7.csv
    conda-env: branchwater
    shell:
        
        sourmash gather ../results/signatures/Hugo.metaT_7.k21.zip /group/ctbrowngrp/sourmash-db/gtdb-rs214/gtdb-rs214-reps.k21.zip         -k 21 --scaled 1000 -o sourmash/gather_out/Hugo.metaT_7.csv         --picklist Hugo.metaT_7.gather.csv:match_md5:md5
        
        (one of the commands exited with non-zero exit code; note that snakemake uses bash strict mode!)

[Fri Jun  7 21:52:04 2024]
Error in rule gather:
    jobid: 118
    input: ../results/signatures/Hugo.metaT_32.k21.zip, ../results/fmgdone/Hugo.metaT_32.txt
    output: sourmash/gather_out/Hugo.metaT_32.csv
    conda-env: branchwater
    shell:
        
        sourmash gather ../results/signatures/Hugo.metaT_32.k21.zip /group/ctbrowngrp/sourmash-db/gtdb-rs214/gtdb-rs214-reps.k21.zip         -k 21 --scaled 1000 -o sourmash/gather_out/Hugo.metaT_32.csv         --picklist Hugo.metaT_32.gather.csv:match_md5:md5
        
        (one of the commands exited with non-zero exit code; note that snakemake uses bash strict mode!)

[Fri Jun  7 21:52:04 2024]
Error in rule gather:
    jobid: 28
    input: ../results/signatures/Hugo.metaT_39.k21.zip, ../results/fmgdone/Hugo.metaT_39.txt
    output: sourmash/gather_out/Hugo.metaT_39.csv
    conda-env: branchwater
    shell:
        
        sourmash gather ../results/signatures/Hugo.metaT_39.k21.zip /group/ctbrowngrp/sourmash-db/gtdb-rs214/gtdb-rs214-reps.k21.zip         -k 21 --scaled 1000 -o sourmash/gather_out/Hugo.metaT_39.csv         --picklist Hugo.metaT_39.gather.csv:match_md5:md5
        
        (one of the commands exited with non-zero exit code; note that snakemake uses bash strict mode!)

[Fri Jun  7 21:52:04 2024]
Error in rule gather:
    jobid: 73
    input: ../results/signatures/Hugo.metaT_26.k21.zip, ../results/fmgdone/Hugo.metaT_26.txt
    output: sourmash/gather_out/Hugo.metaT_26.csv
    conda-env: branchwater
    shell:
        
        sourmash gather ../results/signatures/Hugo.metaT_26.k21.zip /group/ctbrowngrp/sourmash-db/gtdb-rs214/gtdb-rs214-reps.k21.zip         -k 21 --scaled 1000 -o sourmash/gather_out/Hugo.metaT_26.csv         --picklist Hugo.metaT_26.gather.csv:match_md5:md5
        
        (one of the commands exited with non-zero exit code; note that snakemake uses bash strict mode!)


[Fri Jun  7 21:52:04 2024]
rule gather:
    input: ../results/signatures/Hugo.metaT_3.k21.zip, ../results/fmgdone/Hugo.metaT_3.txt
    output: sourmash/gather_out/Hugo.metaT_3.csv
    jobid: 40
    reason: Missing output files: sourmash/gather_out/Hugo.metaT_3.csv; Input files updated by another job: ../results/fmgdone/Hugo.metaT_3.txt, ../results/signatures/Hugo.metaT_3.k21.zip
    wildcards: ident=Hugo.metaT_3
    resources: tmpdir=/tmp

Activating conda environment: branchwater
Select jobs to execute...
[Fri Jun  7 21:52:04 2024]
Error in rule gather:
    jobid: 148
    input: ../results/signatures/Hugo.metaT_9.k21.zip, ../results/fmgdone/Hugo.metaT_9.txt
    output: sourmash/gather_out/Hugo.metaT_9.csv
    conda-env: branchwater
    shell:
        
        sourmash gather ../results/signatures/Hugo.metaT_9.k21.zip /group/ctbrowngrp/sourmash-db/gtdb-rs214/gtdb-rs214-reps.k21.zip         -k 21 --scaled 1000 -o sourmash/gather_out/Hugo.metaT_9.csv         --picklist Hugo.metaT_9.gather.csv:match_md5:md5
        
        (one of the commands exited with non-zero exit code; note that snakemake uses bash strict mode!)

[Fri Jun  7 21:52:04 2024]
Error in rule gather:
    jobid: 133
    input: ../results/signatures/Hugo.metaT_46.k21.zip, ../results/fmgdone/Hugo.metaT_46.txt
    output: sourmash/gather_out/Hugo.metaT_46.csv
    conda-env: branchwater
    shell:
        
        sourmash gather ../results/signatures/Hugo.metaT_46.k21.zip /group/ctbrowngrp/sourmash-db/gtdb-rs214/gtdb-rs214-reps.k21.zip         -k 21 --scaled 1000 -o sourmash/gather_out/Hugo.metaT_46.csv         --picklist Hugo.metaT_46.gather.csv:match_md5:md5
        
        (one of the commands exited with non-zero exit code; note that snakemake uses bash strict mode!)

[Fri Jun  7 21:52:04 2024]
Error in rule gather:
    jobid: 136
    input: ../results/signatures/Hugo.metaT_29.k21.zip, ../results/fmgdone/Hugo.metaT_29.txt
    output: sourmash/gather_out/Hugo.metaT_29.csv
    conda-env: branchwater
    shell:
        
        sourmash gather ../results/signatures/Hugo.metaT_29.k21.zip /group/ctbrowngrp/sourmash-db/gtdb-rs214/gtdb-rs214-reps.k21.zip         -k 21 --scaled 1000 -o sourmash/gather_out/Hugo.metaT_29.csv         --picklist Hugo.metaT_29.gather.csv:match_md5:md5
        
        (one of the commands exited with non-zero exit code; note that snakemake uses bash strict mode!)

[Fri Jun  7 21:52:04 2024]
Error in rule gather:
    jobid: 88
    input: ../results/signatures/Hugo.metaT_6.k21.zip, ../results/fmgdone/Hugo.metaT_6.txt
    output: sourmash/gather_out/Hugo.metaT_6.csv
    conda-env: branchwater
    shell:
        
        sourmash gather ../results/signatures/Hugo.metaT_6.k21.zip /group/ctbrowngrp/sourmash-db/gtdb-rs214/gtdb-rs214-reps.k21.zip         -k 21 --scaled 1000 -o sourmash/gather_out/Hugo.metaT_6.csv         --picklist Hugo.metaT_6.gather.csv:match_md5:md5
        
        (one of the commands exited with non-zero exit code; note that snakemake uses bash strict mode!)


[Fri Jun  7 21:52:04 2024]
rule gather:
    input: ../results/signatures/Hugo.metaT_25.k21.zip, ../results/fmgdone/Hugo.metaT_25.txt
    output: sourmash/gather_out/Hugo.metaT_25.csv
    jobid: 130
    reason: Missing output files: sourmash/gather_out/Hugo.metaT_25.csv; Input files updated by another job: ../results/fmgdone/Hugo.metaT_25.txt, ../results/signatures/Hugo.metaT_25.k21.zip
    wildcards: ident=Hugo.metaT_25
    resources: tmpdir=/tmp

Activating conda environment: branchwater

[Fri Jun  7 21:52:04 2024]
rule gather:
    input: ../results/signatures/Hugo.metaT_28.k21.zip, ../results/fmgdone/Hugo.metaT_28.txt
    output: sourmash/gather_out/Hugo.metaT_28.csv
    jobid: 115
    reason: Missing output files: sourmash/gather_out/Hugo.metaT_28.csv; Input files updated by another job: ../results/fmgdone/Hugo.metaT_28.txt, ../results/signatures/Hugo.metaT_28.k21.zip
    wildcards: ident=Hugo.metaT_28
    resources: tmpdir=/tmp


Activating conda environment: branchwater
[Fri Jun  7 21:52:04 2024]
rule gather:
    input: ../results/signatures/Hugo.metaT_17.k21.zip, ../results/fmgdone/Hugo.metaT_17.txt
    output: sourmash/gather_out/Hugo.metaT_17.csv
    jobid: 55
    reason: Missing output files: sourmash/gather_out/Hugo.metaT_17.csv; Input files updated by another job: ../results/fmgdone/Hugo.metaT_17.txt, ../results/signatures/Hugo.metaT_17.k21.zip
    wildcards: ident=Hugo.metaT_17
    resources: tmpdir=/tmp

Activating conda environment: branchwater

[Fri Jun  7 21:52:05 2024]
rule gather:
    input: ../results/signatures/Hugo.metaT_10.k21.zip, ../results/fmgdone/Hugo.metaT_10.txt
    output: sourmash/gather_out/Hugo.metaT_10.csv
    jobid: 100
    reason: Missing output files: sourmash/gather_out/Hugo.metaT_10.csv; Input files updated by another job: ../results/signatures/Hugo.metaT_10.k21.zip, ../results/fmgdone/Hugo.metaT_10.txt
    wildcards: ident=Hugo.metaT_10
    resources: tmpdir=/tmp

Activating conda environment: branchwater

[Fri Jun  7 21:52:05 2024]
rule gather:
    input: ../results/signatures/Hugo.metaT_30.k21.zip, ../results/fmgdone/Hugo.metaT_30.txt
    output: sourmash/gather_out/Hugo.metaT_30.csv
    jobid: 85
    reason: Missing output files: sourmash/gather_out/Hugo.metaT_30.csv; Input files updated by another job: ../results/signatures/Hugo.metaT_30.k21.zip, ../results/fmgdone/Hugo.metaT_30.txt
    wildcards: ident=Hugo.metaT_30
    resources: tmpdir=/tmp

Activating conda environment: branchwater
Select jobs to execute...
[Fri Jun  7 21:52:14 2024]
Error in rule gather:
    jobid: 40
    input: ../results/signatures/Hugo.metaT_3.k21.zip, ../results/fmgdone/Hugo.metaT_3.txt
    output: sourmash/gather_out/Hugo.metaT_3.csv
    conda-env: branchwater
    shell:
        
        sourmash gather ../results/signatures/Hugo.metaT_3.k21.zip /group/ctbrowngrp/sourmash-db/gtdb-rs214/gtdb-rs214-reps.k21.zip         -k 21 --scaled 1000 -o sourmash/gather_out/Hugo.metaT_3.csv         --picklist Hugo.metaT_3.gather.csv:match_md5:md5
        
        (one of the commands exited with non-zero exit code; note that snakemake uses bash strict mode!)

[Fri Jun  7 21:52:14 2024]
Error in rule gather:
    jobid: 115
    input: ../results/signatures/Hugo.metaT_28.k21.zip, ../results/fmgdone/Hugo.metaT_28.txt
    output: sourmash/gather_out/Hugo.metaT_28.csv
    conda-env: branchwater
    shell:
        
        sourmash gather ../results/signatures/Hugo.metaT_28.k21.zip /group/ctbrowngrp/sourmash-db/gtdb-rs214/gtdb-rs214-reps.k21.zip         -k 21 --scaled 1000 -o sourmash/gather_out/Hugo.metaT_28.csv         --picklist Hugo.metaT_28.gather.csv:match_md5:md5
        
        (one of the commands exited with non-zero exit code; note that snakemake uses bash strict mode!)

[Fri Jun  7 21:52:14 2024]
Error in rule gather:
    jobid: 100
    input: ../results/signatures/Hugo.metaT_10.k21.zip, ../results/fmgdone/Hugo.metaT_10.txt
    output: sourmash/gather_out/Hugo.metaT_10.csv
    conda-env: branchwater
    shell:
        
        sourmash gather ../results/signatures/Hugo.metaT_10.k21.zip /group/ctbrowngrp/sourmash-db/gtdb-rs214/gtdb-rs214-reps.k21.zip         -k 21 --scaled 1000 -o sourmash/gather_out/Hugo.metaT_10.csv         --picklist Hugo.metaT_10.gather.csv:match_md5:md5
        
        (one of the commands exited with non-zero exit code; note that snakemake uses bash strict mode!)

[Fri Jun  7 21:52:15 2024]
Error in rule gather:
    jobid: 130
    input: ../results/signatures/Hugo.metaT_25.k21.zip, ../results/fmgdone/Hugo.metaT_25.txt
    output: sourmash/gather_out/Hugo.metaT_25.csv
    conda-env: branchwater
    shell:
        
        sourmash gather ../results/signatures/Hugo.metaT_25.k21.zip /group/ctbrowngrp/sourmash-db/gtdb-rs214/gtdb-rs214-reps.k21.zip         -k 21 --scaled 1000 -o sourmash/gather_out/Hugo.metaT_25.csv         --picklist Hugo.metaT_25.gather.csv:match_md5:md5
        
        (one of the commands exited with non-zero exit code; note that snakemake uses bash strict mode!)

[Fri Jun  7 21:52:15 2024]
Error in rule gather:
    jobid: 85
    input: ../results/signatures/Hugo.metaT_30.k21.zip, ../results/fmgdone/Hugo.metaT_30.txt
    output: sourmash/gather_out/Hugo.metaT_30.csv
    conda-env: branchwater
    shell:
        
        sourmash gather ../results/signatures/Hugo.metaT_30.k21.zip /group/ctbrowngrp/sourmash-db/gtdb-rs214/gtdb-rs214-reps.k21.zip         -k 21 --scaled 1000 -o sourmash/gather_out/Hugo.metaT_30.csv         --picklist Hugo.metaT_30.gather.csv:match_md5:md5
        
        (one of the commands exited with non-zero exit code; note that snakemake uses bash strict mode!)

[Fri Jun  7 21:52:15 2024]
Error in rule gather:
    jobid: 55
    input: ../results/signatures/Hugo.metaT_17.k21.zip, ../results/fmgdone/Hugo.metaT_17.txt
    output: sourmash/gather_out/Hugo.metaT_17.csv
    conda-env: branchwater
    shell:
        
        sourmash gather ../results/signatures/Hugo.metaT_17.k21.zip /group/ctbrowngrp/sourmash-db/gtdb-rs214/gtdb-rs214-reps.k21.zip         -k 21 --scaled 1000 -o sourmash/gather_out/Hugo.metaT_17.csv         --picklist Hugo.metaT_17.gather.csv:match_md5:md5
        
        (one of the commands exited with non-zero exit code; note that snakemake uses bash strict mode!)


[Fri Jun  7 21:52:15 2024]
rule fastmultigather:
    input: ../results/signatures/Hugo.metaT_43.k21.zip
    output: ../results/fmgdone/Hugo.metaT_43.txt
    jobid: 45
    reason: Missing output files: ../results/fmgdone/Hugo.metaT_43.txt; Input files updated by another job: ../results/signatures/Hugo.metaT_43.k21.zip
    wildcards: ident=Hugo.metaT_43
    threads: 10
    resources: tmpdir=/tmp

Activating conda environment: branchwater
[Fri Jun  7 21:52:54 2024]
Finished job 27.
68 of 151 steps (45%) done
Select jobs to execute...

[Fri Jun  7 21:52:54 2024]
rule fastmultigather:
    input: ../results/signatures/Hugo.metaT_38.k21.zip
    output: ../results/fmgdone/Hugo.metaT_38.txt
    jobid: 9
    reason: Missing output files: ../results/fmgdone/Hugo.metaT_38.txt; Input files updated by another job: ../results/signatures/Hugo.metaT_38.k21.zip
    wildcards: ident=Hugo.metaT_38
    threads: 10
    resources: tmpdir=/tmp

Activating conda environment: branchwater
[Fri Jun  7 22:13:45 2024]
Finished job 45.
69 of 151 steps (46%) done
Select jobs to execute...

[Fri Jun  7 22:13:45 2024]
rule fastmultigather:
    input: ../results/signatures/Hugo.metaT_1.k21.zip
    output: ../results/fmgdone/Hugo.metaT_1.txt
    jobid: 69
    reason: Missing output files: ../results/fmgdone/Hugo.metaT_1.txt; Input files updated by another job: ../results/signatures/Hugo.metaT_1.k21.zip
    wildcards: ident=Hugo.metaT_1
    threads: 10
    resources: tmpdir=/tmp

Activating conda environment: branchwater
[Fri Jun  7 22:15:18 2024]
Finished job 9.
70 of 151 steps (46%) done
Select jobs to execute...

[Fri Jun  7 22:15:19 2024]
rule fastmultigather:
    input: ../results/signatures/Hugo.metaT_42.k21.zip
    output: ../results/fmgdone/Hugo.metaT_42.txt
    jobid: 60
    reason: Missing output files: ../results/fmgdone/Hugo.metaT_42.txt; Input files updated by another job: ../results/signatures/Hugo.metaT_42.k21.zip
    wildcards: ident=Hugo.metaT_42
    threads: 10
    resources: tmpdir=/tmp

Activating conda environment: branchwater
[Fri Jun  7 22:36:54 2024]
Finished job 69.
71 of 151 steps (47%) done
Select jobs to execute...

[Fri Jun  7 22:36:54 2024]
rule fastmultigather:
    input: ../results/signatures/Hugo.metaT_2.k21.zip
    output: ../results/fmgdone/Hugo.metaT_2.txt
    jobid: 18
    reason: Missing output files: ../results/fmgdone/Hugo.metaT_2.txt; Input files updated by another job: ../results/signatures/Hugo.metaT_2.k21.zip
    wildcards: ident=Hugo.metaT_2
    threads: 10
    resources: tmpdir=/tmp

Activating conda environment: branchwater
[Fri Jun  7 22:37:06 2024]
Finished job 60.
72 of 151 steps (48%) done
Select jobs to execute...

[Fri Jun  7 22:37:06 2024]
rule fastmultigather:
    input: ../results/signatures/Hugo.metaT_27.k21.zip
    output: ../results/fmgdone/Hugo.metaT_27.txt
    jobid: 93
    reason: Missing output files: ../results/fmgdone/Hugo.metaT_27.txt; Input files updated by another job: ../results/signatures/Hugo.metaT_27.k21.zip
    wildcards: ident=Hugo.metaT_27
    threads: 10
    resources: tmpdir=/tmp

Activating conda environment: branchwater
[Fri Jun  7 22:59:00 2024]
Finished job 93.
73 of 151 steps (48%) done
Select jobs to execute...

[Fri Jun  7 22:59:00 2024]
rule fastmultigather:
    input: ../results/signatures/Hugo.metaT_49.k21.zip
    output: ../results/fmgdone/Hugo.metaT_49.txt
    jobid: 78
    reason: Missing output files: ../results/fmgdone/Hugo.metaT_49.txt; Input files updated by another job: ../results/signatures/Hugo.metaT_49.k21.zip
    wildcards: ident=Hugo.metaT_49
    threads: 10
    resources: tmpdir=/tmp

Activating conda environment: branchwater
[Fri Jun  7 22:59:59 2024]
Finished job 18.
74 of 151 steps (49%) done
Select jobs to execute...

[Fri Jun  7 22:59:59 2024]
rule fastmultigather:
    input: ../results/signatures/Hugo.metaT_47.k21.zip
    output: ../results/fmgdone/Hugo.metaT_47.txt
    jobid: 114
    reason: Missing output files: ../results/fmgdone/Hugo.metaT_47.txt; Input files updated by another job: ../results/signatures/Hugo.metaT_47.k21.zip
    wildcards: ident=Hugo.metaT_47
    threads: 10
    resources: tmpdir=/tmp

Activating conda environment: branchwater
[Fri Jun  7 23:20:10 2024]
Finished job 78.
75 of 151 steps (50%) done
Select jobs to execute...

[Fri Jun  7 23:20:10 2024]
rule fastmultigather:
    input: ../results/signatures/Hugo.metaT_33.k21.zip
    output: ../results/fmgdone/Hugo.metaT_33.txt
    jobid: 144
    reason: Missing output files: ../results/fmgdone/Hugo.metaT_33.txt; Input files updated by another job: ../results/signatures/Hugo.metaT_33.k21.zip
    wildcards: ident=Hugo.metaT_33
    threads: 10
    resources: tmpdir=/tmp

Activating conda environment: branchwater
[Fri Jun  7 23:22:34 2024]
Finished job 114.
76 of 151 steps (50%) done
Select jobs to execute...

[Fri Jun  7 23:22:34 2024]
rule fastmultigather:
    input: ../results/signatures/Hugo.metaT_44.k21.zip
    output: ../results/fmgdone/Hugo.metaT_44.txt
    jobid: 99
    reason: Missing output files: ../results/fmgdone/Hugo.metaT_44.txt; Input files updated by another job: ../results/signatures/Hugo.metaT_44.k21.zip
    wildcards: ident=Hugo.metaT_44
    threads: 10
    resources: tmpdir=/tmp

Activating conda environment: branchwater
[Fri Jun  7 23:42:27 2024]
Finished job 144.
77 of 151 steps (51%) done
Select jobs to execute...

[Fri Jun  7 23:42:27 2024]
rule fastmultigather:
    input: ../results/signatures/Hugo.metaT_40.k21.zip
    output: ../results/fmgdone/Hugo.metaT_40.txt
    jobid: 24
    reason: Missing output files: ../results/fmgdone/Hugo.metaT_40.txt; Input files updated by another job: ../results/signatures/Hugo.metaT_40.k21.zip
    wildcards: ident=Hugo.metaT_40
    threads: 10
    resources: tmpdir=/tmp

Activating conda environment: branchwater
[Fri Jun  7 23:43:40 2024]
Finished job 99.
78 of 151 steps (52%) done
Select jobs to execute...

[Fri Jun  7 23:43:40 2024]
rule gather:
    input: ../results/signatures/Hugo.metaT_38.k21.zip, ../results/fmgdone/Hugo.metaT_38.txt
    output: sourmash/gather_out/Hugo.metaT_38.csv
    jobid: 7
    reason: Missing output files: sourmash/gather_out/Hugo.metaT_38.csv; Input files updated by another job: ../results/signatures/Hugo.metaT_38.k21.zip, ../results/fmgdone/Hugo.metaT_38.txt
    wildcards: ident=Hugo.metaT_38
    resources: tmpdir=/tmp

Activating conda environment: branchwater

[Fri Jun  7 23:43:40 2024]
rule gather:
    input: ../results/signatures/Hugo.metaT_47.k21.zip, ../results/fmgdone/Hugo.metaT_47.txt
    output: sourmash/gather_out/Hugo.metaT_47.csv
    jobid: 112
    reason: Missing output files: sourmash/gather_out/Hugo.metaT_47.csv; Input files updated by another job: ../results/fmgdone/Hugo.metaT_47.txt, ../results/signatures/Hugo.metaT_47.k21.zip
    wildcards: ident=Hugo.metaT_47
    resources: tmpdir=/tmp

Activating conda environment: branchwater

[Fri Jun  7 23:43:40 2024]
rule gather:
    input: ../results/signatures/Hugo.metaT_44.k21.zip, ../results/fmgdone/Hugo.metaT_44.txt
    output: sourmash/gather_out/Hugo.metaT_44.csv
    jobid: 97
    reason: Missing output files: sourmash/gather_out/Hugo.metaT_44.csv; Input files updated by another job: ../results/signatures/Hugo.metaT_44.k21.zip, ../results/fmgdone/Hugo.metaT_44.txt
    wildcards: ident=Hugo.metaT_44
    resources: tmpdir=/tmp

Activating conda environment: branchwater

[Fri Jun  7 23:43:40 2024]
rule gather:
    input: ../results/signatures/Hugo.metaT_33.k21.zip, ../results/fmgdone/Hugo.metaT_33.txt
    output: sourmash/gather_out/Hugo.metaT_33.csv
    jobid: 142
    reason: Missing output files: sourmash/gather_out/Hugo.metaT_33.csv; Input files updated by another job: ../results/fmgdone/Hugo.metaT_33.txt, ../results/signatures/Hugo.metaT_33.k21.zip
    wildcards: ident=Hugo.metaT_33
    resources: tmpdir=/tmp

Activating conda environment: branchwater

[Fri Jun  7 23:43:40 2024]
rule gather:
    input: ../results/signatures/Hugo.metaT_1.k21.zip, ../results/fmgdone/Hugo.metaT_1.txt
    output: sourmash/gather_out/Hugo.metaT_1.csv
    jobid: 67
    reason: Missing output files: sourmash/gather_out/Hugo.metaT_1.csv; Input files updated by another job: ../results/signatures/Hugo.metaT_1.k21.zip, ../results/fmgdone/Hugo.metaT_1.txt
    wildcards: ident=Hugo.metaT_1
    resources: tmpdir=/tmp

Activating conda environment: branchwater

[Fri Jun  7 23:43:40 2024]
rule gather:
    input: ../results/signatures/Hugo.metaT_42.k21.zip, ../results/fmgdone/Hugo.metaT_42.txt
    output: sourmash/gather_out/Hugo.metaT_42.csv
    jobid: 58
    reason: Missing output files: sourmash/gather_out/Hugo.metaT_42.csv; Input files updated by another job: ../results/fmgdone/Hugo.metaT_42.txt, ../results/signatures/Hugo.metaT_42.k21.zip
    wildcards: ident=Hugo.metaT_42
    resources: tmpdir=/tmp

Activating conda environment: branchwater

[Fri Jun  7 23:43:40 2024]
rule gather:
    input: ../results/signatures/Hugo.metaT_23.k21.zip, ../results/fmgdone/Hugo.metaT_23.txt
    output: sourmash/gather_out/Hugo.metaT_23.csv
    jobid: 25
    reason: Missing output files: sourmash/gather_out/Hugo.metaT_23.csv; Input files updated by another job: ../results/fmgdone/Hugo.metaT_23.txt, ../results/signatures/Hugo.metaT_23.k21.zip
    wildcards: ident=Hugo.metaT_23
    resources: tmpdir=/tmp

Activating conda environment: branchwater

[Fri Jun  7 23:43:40 2024]
rule gather:
    input: ../results/signatures/Hugo.metaT_2.k21.zip, ../results/fmgdone/Hugo.metaT_2.txt
    output: sourmash/gather_out/Hugo.metaT_2.csv
    jobid: 16
    reason: Missing output files: sourmash/gather_out/Hugo.metaT_2.csv; Input files updated by another job: ../results/signatures/Hugo.metaT_2.k21.zip, ../results/fmgdone/Hugo.metaT_2.txt
    wildcards: ident=Hugo.metaT_2
    resources: tmpdir=/tmp

Activating conda environment: branchwater

[Fri Jun  7 23:43:40 2024]
rule gather:
    input: ../results/signatures/Hugo.metaT_27.k21.zip, ../results/fmgdone/Hugo.metaT_27.txt
    output: sourmash/gather_out/Hugo.metaT_27.csv
    jobid: 91
    reason: Missing output files: sourmash/gather_out/Hugo.metaT_27.csv; Input files updated by another job: ../results/fmgdone/Hugo.metaT_27.txt, ../results/signatures/Hugo.metaT_27.k21.zip
    wildcards: ident=Hugo.metaT_27
    resources: tmpdir=/tmp

Activating conda environment: branchwater

[Fri Jun  7 23:43:40 2024]
rule gather:
    input: ../results/signatures/Hugo.metaT_49.k21.zip, ../results/fmgdone/Hugo.metaT_49.txt
    output: sourmash/gather_out/Hugo.metaT_49.csv
    jobid: 76
    reason: Missing output files: sourmash/gather_out/Hugo.metaT_49.csv; Input files updated by another job: ../results/fmgdone/Hugo.metaT_49.txt, ../results/signatures/Hugo.metaT_49.k21.zip
    wildcards: ident=Hugo.metaT_49
    resources: tmpdir=/tmp

Activating conda environment: branchwater
[Fri Jun  7 23:43:47 2024]
Error in rule gather:
    jobid: 7
    input: ../results/signatures/Hugo.metaT_38.k21.zip, ../results/fmgdone/Hugo.metaT_38.txt
    output: sourmash/gather_out/Hugo.metaT_38.csv
    conda-env: branchwater
    shell:
        
        sourmash gather ../results/signatures/Hugo.metaT_38.k21.zip /group/ctbrowngrp/sourmash-db/gtdb-rs214/gtdb-rs214-reps.k21.zip         -k 21 --scaled 1000 -o sourmash/gather_out/Hugo.metaT_38.csv         --picklist Hugo.metaT_38.gather.csv:match_md5:md5
        
        (one of the commands exited with non-zero exit code; note that snakemake uses bash strict mode!)

Select jobs to execute...
[Fri Jun  7 23:43:47 2024]
Error in rule gather:
    jobid: 58
    input: ../results/signatures/Hugo.metaT_42.k21.zip, ../results/fmgdone/Hugo.metaT_42.txt
    output: sourmash/gather_out/Hugo.metaT_42.csv
    conda-env: branchwater
    shell:
        
        sourmash gather ../results/signatures/Hugo.metaT_42.k21.zip /group/ctbrowngrp/sourmash-db/gtdb-rs214/gtdb-rs214-reps.k21.zip         -k 21 --scaled 1000 -o sourmash/gather_out/Hugo.metaT_42.csv         --picklist Hugo.metaT_42.gather.csv:match_md5:md5
        
        (one of the commands exited with non-zero exit code; note that snakemake uses bash strict mode!)

[Fri Jun  7 23:43:47 2024]
Error in rule gather:
    jobid: 67
    input: ../results/signatures/Hugo.metaT_1.k21.zip, ../results/fmgdone/Hugo.metaT_1.txt
    output: sourmash/gather_out/Hugo.metaT_1.csv
    conda-env: branchwater
    shell:
        
        sourmash gather ../results/signatures/Hugo.metaT_1.k21.zip /group/ctbrowngrp/sourmash-db/gtdb-rs214/gtdb-rs214-reps.k21.zip         -k 21 --scaled 1000 -o sourmash/gather_out/Hugo.metaT_1.csv         --picklist Hugo.metaT_1.gather.csv:match_md5:md5
        
        (one of the commands exited with non-zero exit code; note that snakemake uses bash strict mode!)

[Fri Jun  7 23:43:47 2024]
Error in rule gather:
    jobid: 142
    input: ../results/signatures/Hugo.metaT_33.k21.zip, ../results/fmgdone/Hugo.metaT_33.txt
    output: sourmash/gather_out/Hugo.metaT_33.csv
    conda-env: branchwater
    shell:
        
        sourmash gather ../results/signatures/Hugo.metaT_33.k21.zip /group/ctbrowngrp/sourmash-db/gtdb-rs214/gtdb-rs214-reps.k21.zip         -k 21 --scaled 1000 -o sourmash/gather_out/Hugo.metaT_33.csv         --picklist Hugo.metaT_33.gather.csv:match_md5:md5
        
        (one of the commands exited with non-zero exit code; note that snakemake uses bash strict mode!)


[Fri Jun  7 23:43:47 2024]
rule gather:
    input: ../results/signatures/Hugo.metaT_43.k21.zip, ../results/fmgdone/Hugo.metaT_43.txt
    output: sourmash/gather_out/Hugo.metaT_43.csv
    jobid: 43
    reason: Missing output files: sourmash/gather_out/Hugo.metaT_43.csv; Input files updated by another job: ../results/fmgdone/Hugo.metaT_43.txt, ../results/signatures/Hugo.metaT_43.k21.zip
    wildcards: ident=Hugo.metaT_43
    resources: tmpdir=/tmp

Activating conda environment: branchwater
Select jobs to execute...
[Fri Jun  7 23:43:47 2024]
Error in rule gather:
    jobid: 16
    input: ../results/signatures/Hugo.metaT_2.k21.zip, ../results/fmgdone/Hugo.metaT_2.txt
    output: sourmash/gather_out/Hugo.metaT_2.csv
    conda-env: branchwater
    shell:
        
        sourmash gather ../results/signatures/Hugo.metaT_2.k21.zip /group/ctbrowngrp/sourmash-db/gtdb-rs214/gtdb-rs214-reps.k21.zip         -k 21 --scaled 1000 -o sourmash/gather_out/Hugo.metaT_2.csv         --picklist Hugo.metaT_2.gather.csv:match_md5:md5
        
        (one of the commands exited with non-zero exit code; note that snakemake uses bash strict mode!)

[Fri Jun  7 23:43:47 2024]
Error in rule gather:
    jobid: 76
    input: ../results/signatures/Hugo.metaT_49.k21.zip, ../results/fmgdone/Hugo.metaT_49.txt
    output: sourmash/gather_out/Hugo.metaT_49.csv
    conda-env: branchwater
    shell:
        
        sourmash gather ../results/signatures/Hugo.metaT_49.k21.zip /group/ctbrowngrp/sourmash-db/gtdb-rs214/gtdb-rs214-reps.k21.zip         -k 21 --scaled 1000 -o sourmash/gather_out/Hugo.metaT_49.csv         --picklist Hugo.metaT_49.gather.csv:match_md5:md5
        
        (one of the commands exited with non-zero exit code; note that snakemake uses bash strict mode!)

[Fri Jun  7 23:43:47 2024]
Error in rule gather:
    jobid: 97
    input: ../results/signatures/Hugo.metaT_44.k21.zip, ../results/fmgdone/Hugo.metaT_44.txt
    output: sourmash/gather_out/Hugo.metaT_44.csv
    conda-env: branchwater
    shell:
        
        sourmash gather ../results/signatures/Hugo.metaT_44.k21.zip /group/ctbrowngrp/sourmash-db/gtdb-rs214/gtdb-rs214-reps.k21.zip         -k 21 --scaled 1000 -o sourmash/gather_out/Hugo.metaT_44.csv         --picklist Hugo.metaT_44.gather.csv:match_md5:md5
        
        (one of the commands exited with non-zero exit code; note that snakemake uses bash strict mode!)

[Fri Jun  7 23:43:47 2024]
Error in rule gather:
    jobid: 25
    input: ../results/signatures/Hugo.metaT_23.k21.zip, ../results/fmgdone/Hugo.metaT_23.txt
    output: sourmash/gather_out/Hugo.metaT_23.csv
    conda-env: branchwater
    shell:
        
        sourmash gather ../results/signatures/Hugo.metaT_23.k21.zip /group/ctbrowngrp/sourmash-db/gtdb-rs214/gtdb-rs214-reps.k21.zip         -k 21 --scaled 1000 -o sourmash/gather_out/Hugo.metaT_23.csv         --picklist Hugo.metaT_23.gather.csv:match_md5:md5
        
        (one of the commands exited with non-zero exit code; note that snakemake uses bash strict mode!)

[Fri Jun  7 23:43:47 2024]
Error in rule gather:
    jobid: 91
    input: ../results/signatures/Hugo.metaT_27.k21.zip, ../results/fmgdone/Hugo.metaT_27.txt
    output: sourmash/gather_out/Hugo.metaT_27.csv
    conda-env: branchwater
    shell:
        
        sourmash gather ../results/signatures/Hugo.metaT_27.k21.zip /group/ctbrowngrp/sourmash-db/gtdb-rs214/gtdb-rs214-reps.k21.zip         -k 21 --scaled 1000 -o sourmash/gather_out/Hugo.metaT_27.csv         --picklist Hugo.metaT_27.gather.csv:match_md5:md5
        
        (one of the commands exited with non-zero exit code; note that snakemake uses bash strict mode!)

[Fri Jun  7 23:43:47 2024]
Error in rule gather:
    jobid: 112
    input: ../results/signatures/Hugo.metaT_47.k21.zip, ../results/fmgdone/Hugo.metaT_47.txt
    output: sourmash/gather_out/Hugo.metaT_47.csv
    conda-env: branchwater
    shell:
        
        sourmash gather ../results/signatures/Hugo.metaT_47.k21.zip /group/ctbrowngrp/sourmash-db/gtdb-rs214/gtdb-rs214-reps.k21.zip         -k 21 --scaled 1000 -o sourmash/gather_out/Hugo.metaT_47.csv         --picklist Hugo.metaT_47.gather.csv:match_md5:md5
        
        (one of the commands exited with non-zero exit code; note that snakemake uses bash strict mode!)

[Fri Jun  7 23:43:52 2024]
Error in rule gather:
    jobid: 43
    input: ../results/signatures/Hugo.metaT_43.k21.zip, ../results/fmgdone/Hugo.metaT_43.txt
    output: sourmash/gather_out/Hugo.metaT_43.csv
    conda-env: branchwater
    shell:
        
        sourmash gather ../results/signatures/Hugo.metaT_43.k21.zip /group/ctbrowngrp/sourmash-db/gtdb-rs214/gtdb-rs214-reps.k21.zip         -k 21 --scaled 1000 -o sourmash/gather_out/Hugo.metaT_43.csv         --picklist Hugo.metaT_43.gather.csv:match_md5:md5
        
        (one of the commands exited with non-zero exit code; note that snakemake uses bash strict mode!)


[Fri Jun  7 23:43:52 2024]
rule fastmultigather:
    input: ../results/signatures/Hugo.metaT_35.k21.zip
    output: ../results/fmgdone/Hugo.metaT_35.txt
    jobid: 39
    reason: Missing output files: ../results/fmgdone/Hugo.metaT_35.txt; Input files updated by another job: ../results/signatures/Hugo.metaT_35.k21.zip
    wildcards: ident=Hugo.metaT_35
    threads: 10
    resources: tmpdir=/tmp

Activating conda environment: branchwater
[Sat Jun  8 00:05:15 2024]
Finished job 39.
79 of 151 steps (52%) done
Select jobs to execute...

[Sat Jun  8 00:05:15 2024]
rule fastmultigather:
    input: ../results/signatures/Hugo.metaT_36.k21.zip
    output: ../results/fmgdone/Hugo.metaT_36.txt
    jobid: 54
    reason: Missing output files: ../results/fmgdone/Hugo.metaT_36.txt; Input files updated by another job: ../results/signatures/Hugo.metaT_36.k21.zip
    wildcards: ident=Hugo.metaT_36
    threads: 10
    resources: tmpdir=/tmp

Activating conda environment: branchwater
[Sat Jun  8 00:05:17 2024]
Finished job 24.
80 of 151 steps (53%) done
Select jobs to execute...

[Sat Jun  8 00:05:17 2024]
rule fastmultigather:
    input: ../results/signatures/Hugo.metaT_12.k21.zip
    output: ../results/fmgdone/Hugo.metaT_12.txt
    jobid: 147
    reason: Missing output files: ../results/fmgdone/Hugo.metaT_12.txt; Input files updated by another job: ../results/signatures/Hugo.metaT_12.k21.zip
    wildcards: ident=Hugo.metaT_12
    threads: 10
    resources: tmpdir=/tmp

Activating conda environment: branchwater
[Sat Jun  8 00:26:36 2024]
Finished job 54.
81 of 151 steps (54%) done
Select jobs to execute...

[Sat Jun  8 00:26:37 2024]
rule fastmultigather:
    input: ../results/signatures/Hugo.metaT_16.k21.zip
    output: ../results/fmgdone/Hugo.metaT_16.txt
    jobid: 72
    reason: Missing output files: ../results/fmgdone/Hugo.metaT_16.txt; Input files updated by another job: ../results/signatures/Hugo.metaT_16.k21.zip
    wildcards: ident=Hugo.metaT_16
    threads: 10
    resources: tmpdir=/tmp

Activating conda environment: branchwater
[Sat Jun  8 00:27:59 2024]
Finished job 147.
82 of 151 steps (54%) done
Select jobs to execute...

[Sat Jun  8 00:28:00 2024]
rule fastmultigather:
    input: ../results/signatures/Hugo.metaT_19.k21.zip
    output: ../results/fmgdone/Hugo.metaT_19.txt
    jobid: 12
    reason: Missing output files: ../results/fmgdone/Hugo.metaT_19.txt; Input files updated by another job: ../results/signatures/Hugo.metaT_19.k21.zip
    wildcards: ident=Hugo.metaT_19
    threads: 10
    resources: tmpdir=/tmp

Activating conda environment: branchwater
[Sat Jun  8 00:47:50 2024]
Finished job 72.
83 of 151 steps (55%) done
Select jobs to execute...

[Sat Jun  8 00:47:50 2024]
rule fastmultigather:
    input: ../results/signatures/Hugo.metaT_31.k21.zip
    output: ../results/fmgdone/Hugo.metaT_31.txt
    jobid: 108
    reason: Missing output files: ../results/fmgdone/Hugo.metaT_31.txt; Input files updated by another job: ../results/signatures/Hugo.metaT_31.k21.zip
    wildcards: ident=Hugo.metaT_31
    threads: 10
    resources: tmpdir=/tmp

Activating conda environment: branchwater
[Sat Jun  8 00:50:29 2024]
Finished job 12.
84 of 151 steps (56%) done
Select jobs to execute...

[Sat Jun  8 00:50:29 2024]
rule fastmultigather:
    input: ../results/signatures/Hugo.metaT_20.k21.zip
    output: ../results/fmgdone/Hugo.metaT_20.txt
    jobid: 48
    reason: Missing output files: ../results/fmgdone/Hugo.metaT_20.txt; Input files updated by another job: ../results/signatures/Hugo.metaT_20.k21.zip
    wildcards: ident=Hugo.metaT_20
    threads: 10
    resources: tmpdir=/tmp

Activating conda environment: branchwater
